<?xml version="1.0" encoding="UTF-8"?>
<!-- Generated by org.testng.reporters.JUnitReportReporter -->
<testsuite hostname="KINGPC" name="Stock.Stock.GetHistoricalData" tests="1" failures="0" timestamp="17 Dec 2017 18:13:07 GMT" time="4.888" errors="0">
  <testcase name="f" time="4.888" classname="Stock.Stock.GetHistoricalData"/>
</testsuite> <!-- Stock.Stock.GetHistoricalData -->
