<?xml version="1.0" encoding="UTF-8"?>
<!-- Generated by org.testng.reporters.JUnitReportReporter -->
<testsuite hostname="KINGPC" name="Stock.Stock.ScreenerData" tests="1" failures="0" timestamp="25 Nov 2017 07:18:17 GMT" time="21.074" errors="0">
  <testcase name="getScreenerData" time="21.074" classname="Stock.Stock.ScreenerData"/>
</testsuite> <!-- Stock.Stock.ScreenerData -->
