<?xml version="1.0" encoding="UTF-8"?>
<!-- Generated by org.testng.reporters.JUnitReportReporter -->
<testsuite hostname="KINGPC" name="Stock.Stock.ListOfCompanies" tests="1" failures="0" timestamp="12 Nov 2017 19:23:43 GMT" time="1797.278" errors="0">
  <testcase name="getListOfCompanies" time="1797.278" classname="Stock.Stock.ListOfCompanies"/>
</testsuite> <!-- Stock.Stock.ListOfCompanies -->
