<?xml version="1.0" encoding="UTF-8"?>
<!-- Generated by org.testng.reporters.JUnitReportReporter -->
<testsuite hostname="KINGPC" name="Stock.Stock.GetHistoricalData" tests="1" failures="0" timestamp="18 Dec 2017 18:28:43 GMT" time="120.840" errors="0">
  <testcase name="f" time="120.840" classname="Stock.Stock.GetHistoricalData"/>
</testsuite> <!-- Stock.Stock.GetHistoricalData -->
